C:\USERS\JDY\DOCUMENTS\VISUAL STUDIO 2010\PROJECTS\ARDUINO\ARDUINO\DEBUG\ARDUINO.EXE.INTERMEDIATE.MANIFEST
C:\USERS\JDY\DOCUMENTS\VISUAL STUDIO 2010\PROJECTS\ARDUINO\ARDUINO\DEBUG\ARDUINO.OBJ
C:\Users\JDY\Documents\Visual Studio 2010\Projects\ARduino\ARduino\Debug\ARduino.vcxprojResolveAssemblyReference.cache
C:\Users\JDY\Documents\Visual Studio 2010\Projects\ARduino\ARduino\Debug\ARduino.write.1.tlog
C:\USERS\JDY\DOCUMENTS\VISUAL STUDIO 2010\PROJECTS\ARDUINO\ARDUINO\DEBUG\BLOBLABELING.OBJ
C:\Users\JDY\Documents\Visual Studio 2010\Projects\ARduino\ARduino\Debug\cl.command.1.tlog
C:\Users\JDY\Documents\Visual Studio 2010\Projects\ARduino\ARduino\Debug\CL.read.1.tlog
C:\Users\JDY\Documents\Visual Studio 2010\Projects\ARduino\ARduino\Debug\CL.write.1.tlog
C:\Users\JDY\Documents\Visual Studio 2010\Projects\ARduino\ARduino\Debug\link.command.1.tlog
C:\Users\JDY\Documents\Visual Studio 2010\Projects\ARduino\ARduino\Debug\link.read.1.tlog
C:\Users\JDY\Documents\Visual Studio 2010\Projects\ARduino\ARduino\Debug\link.write.1.tlog
C:\Users\JDY\Documents\Visual Studio 2010\Projects\ARduino\ARduino\Debug\mt.command.1.tlog
C:\Users\JDY\Documents\Visual Studio 2010\Projects\ARduino\ARduino\Debug\mt.read.1.tlog
C:\Users\JDY\Documents\Visual Studio 2010\Projects\ARduino\ARduino\Debug\mt.write.1.tlog
C:\USERS\JDY\DOCUMENTS\VISUAL STUDIO 2010\PROJECTS\ARDUINO\ARDUINO\DEBUG\OBJECT.OBJ
C:\USERS\JDY\DOCUMENTS\VISUAL STUDIO 2010\PROJECTS\ARDUINO\ARDUINO\DEBUG\SOUND_UTIL.OBJ
C:\USERS\JDY\DOCUMENTS\VISUAL STUDIO 2010\PROJECTS\ARDUINO\ARDUINO\DEBUG\TEXT3D.OBJ
C:\Users\JDY\Documents\Visual Studio 2010\Projects\ARduino\ARduino\Debug\vc100.idb
C:\USERS\JDY\DOCUMENTS\VISUAL STUDIO 2010\PROJECTS\ARDUINO\ARDUINO\DEBUG\VC100.PDB
C:\USERS\JDY\DOCUMENTS\VISUAL STUDIO 2010\PROJECTS\ARDUINO\DEBUG\ARDUINO.EXE
C:\USERS\JDY\DOCUMENTS\VISUAL STUDIO 2010\PROJECTS\ARDUINO\DEBUG\ARDUINO.ILK
C:\USERS\JDY\DOCUMENTS\VISUAL STUDIO 2010\PROJECTS\ARDUINO\DEBUG\ARDUINO.PDB
